[ 2016-12-22T15:53:08+08:00 ] 0.0.0.0 /
INFO: [ app_begin ] --START--
INFO: ReadHtmlCache Behavior ::run [ RunTime:0.000544s ]
INFO: [ app_begin ] --END-- [ RunTime:0.000678s ]
NOTIC: [8192] mysql_connect(): The mysql extension is deprecated and will be removed in the future: use mysqli or PDO instead /Users/liuweitao/flora-dating/ThinkPHP/Lib/Driver/Db/DbMysql.class.php 第 55 行.
SQL: SHOW COLUMNS FROM `wjw_cat` [ RunTime:0.002662s ]
NOTIC: [8192] preg_replace(): The /e modifier is deprecated, use preg_replace_callback instead /Users/liuweitao/flora-dating/ThinkPHP/Lib/Core/Db.class.php 第 605 行.
SQL: SELECT * FROM `wjw_cat` WHERE ( 1 ) ORDER BY id desc LIMIT 20   [ RunTime:0.000197s ]
SQL: SHOW COLUMNS FROM `wjw_news` [ RunTime:0.002044s ]
NOTIC: [8192] preg_replace(): The /e modifier is deprecated, use preg_replace_callback instead /Users/liuweitao/flora-dating/ThinkPHP/Lib/Core/Db.class.php 第 605 行.
SQL: SELECT * FROM `wjw_news` WHERE ( status=1 ) ORDER BY pos LIMIT 9   [ RunTime:0.000569s ]
SQL: SHOW COLUMNS FROM `wjw_user` [ RunTime:0.002461s ]
NOTIC: [8192] preg_replace(): The /e modifier is deprecated, use preg_replace_callback instead /Users/liuweitao/flora-dating/ThinkPHP/Lib/Core/Db.class.php 第 605 行.
SQL: SELECT `id`,`realname`,`img`,`arrival` FROM `wjw_user` WHERE ( redline1=1 and status=1 ) LIMIT 12   [ RunTime:0.000394s ]
INFO: [ view_parse ] --START--
NOTIC: [8192] preg_replace(): The /e modifier is deprecated, use preg_replace_callback instead /Users/liuweitao/flora-dating/ThinkPHP/Lib/Template/ThinkTemplate.class.php 第 273 行.
NOTIC: [8192] preg_replace(): The /e modifier is deprecated, use preg_replace_callback instead /Users/liuweitao/flora-dating/ThinkPHP/Lib/Template/ThinkTemplate.class.php 第 273 行.
NOTIC: [8192] preg_replace(): The /e modifier is deprecated, use preg_replace_callback instead /Users/liuweitao/flora-dating/ThinkPHP/Lib/Template/ThinkTemplate.class.php 第 273 行.
NOTIC: [8192] preg_replace(): The /e modifier is deprecated, use preg_replace_callback instead /Users/liuweitao/flora-dating/ThinkPHP/Lib/Template/ThinkTemplate.class.php 第 168 行.
NOTIC: [8192] preg_replace(): The /e modifier is deprecated, use preg_replace_callback instead /Users/liuweitao/flora-dating/ThinkPHP/Lib/Template/ThinkTemplate.class.php 第 404 行.
NOTIC: [8192] preg_replace(): The /e modifier is deprecated, use preg_replace_callback instead /Users/liuweitao/flora-dating/ThinkPHP/Lib/Template/ThinkTemplate.class.php 第 404 行.
NOTIC: [8192] preg_replace(): The /e modifier is deprecated, use preg_replace_callback instead /Users/liuweitao/flora-dating/ThinkPHP/Lib/Template/ThinkTemplate.class.php 第 404 行.
NOTIC: [8192] preg_replace(): The /e modifier is deprecated, use preg_replace_callback instead /Users/liuweitao/flora-dating/ThinkPHP/Lib/Template/ThinkTemplate.class.php 第 404 行.
NOTIC: [8192] preg_replace(): The /e modifier is deprecated, use preg_replace_callback instead /Users/liuweitao/flora-dating/ThinkPHP/Lib/Template/ThinkTemplate.class.php 第 404 行.
NOTIC: [8192] preg_replace(): The /e modifier is deprecated, use preg_replace_callback instead /Users/liuweitao/flora-dating/ThinkPHP/Lib/Template/ThinkTemplate.class.php 第 273 行.
NOTIC: [8192] preg_replace(): The /e modifier is deprecated, use preg_replace_callback instead /Users/liuweitao/flora-dating/ThinkPHP/Lib/Template/ThinkTemplate.class.php 第 168 行.
NOTIC: [8192] preg_replace(): The /e modifier is deprecated, use preg_replace_callback instead /Users/liuweitao/flora-dating/ThinkPHP/Lib/Template/ThinkTemplate.class.php 第 404 行.
NOTIC: [8192] preg_replace(): The /e modifier is deprecated, use preg_replace_callback instead /Users/liuweitao/flora-dating/ThinkPHP/Lib/Template/ThinkTemplate.class.php 第 404 行.
NOTIC: [8192] preg_replace(): The /e modifier is deprecated, use preg_replace_callback instead /Users/liuweitao/flora-dating/ThinkPHP/Lib/Template/ThinkTemplate.class.php 第 404 行.
NOTIC: [8192] preg_replace(): The /e modifier is deprecated, use preg_replace_callback instead /Users/liuweitao/flora-dating/ThinkPHP/Lib/Template/ThinkTemplate.class.php 第 404 行.
NOTIC: [8192] preg_replace(): The /e modifier is deprecated, use preg_replace_callback instead /Users/liuweitao/flora-dating/ThinkPHP/Lib/Template/ThinkTemplate.class.php 第 404 行.
NOTIC: [8192] preg_replace(): The /e modifier is deprecated, use preg_replace_callback instead /Users/liuweitao/flora-dating/ThinkPHP/Lib/Template/ThinkTemplate.class.php 第 404 行.
NOTIC: [8192] preg_replace(): The /e modifier is deprecated, use preg_replace_callback instead /Users/liuweitao/flora-dating/ThinkPHP/Lib/Template/ThinkTemplate.class.php 第 404 行.
NOTIC: [8192] preg_replace(): The /e modifier is deprecated, use preg_replace_callback instead /Users/liuweitao/flora-dating/ThinkPHP/Lib/Template/ThinkTemplate.class.php 第 404 行.
NOTIC: [8192] preg_replace(): The /e modifier is deprecated, use preg_replace_callback instead /Users/liuweitao/flora-dating/ThinkPHP/Lib/Template/ThinkTemplate.class.php 第 404 行.
NOTIC: [8192] preg_replace(): The /e modifier is deprecated, use preg_replace_callback instead /Users/liuweitao/flora-dating/ThinkPHP/Lib/Template/ThinkTemplate.class.php 第 404 行.
NOTIC: [8192] preg_replace(): The /e modifier is deprecated, use preg_replace_callback instead /Users/liuweitao/flora-dating/ThinkPHP/Lib/Template/ThinkTemplate.class.php 第 404 行.
NOTIC: [8192] preg_replace(): The /e modifier is deprecated, use preg_replace_callback instead /Users/liuweitao/flora-dating/ThinkPHP/Lib/Template/ThinkTemplate.class.php 第 404 行.
NOTIC: [8192] preg_replace(): The /e modifier is deprecated, use preg_replace_callback instead /Users/liuweitao/flora-dating/ThinkPHP/Lib/Template/ThinkTemplate.class.php 第 399 行.
NOTIC: [8192] preg_replace(): The /e modifier is deprecated, use preg_replace_callback instead /Users/liuweitao/flora-dating/ThinkPHP/Lib/Template/ThinkTemplate.class.php 第 399 行.
NOTIC: [8192] preg_replace(): The /e modifier is deprecated, use preg_replace_callback instead /Users/liuweitao/flora-dating/ThinkPHP/Lib/Template/ThinkTemplate.class.php 第 404 行.
NOTIC: [8192] preg_replace(): The /e modifier is deprecated, use preg_replace_callback instead /Users/liuweitao/flora-dating/ThinkPHP/Lib/Template/ThinkTemplate.class.php 第 404 行.
NOTIC: [8192] preg_replace(): The /e modifier is deprecated, use preg_replace_callback instead /Users/liuweitao/flora-dating/ThinkPHP/Lib/Template/ThinkTemplate.class.php 第 404 行.
NOTIC: [8192] preg_replace(): The /e modifier is deprecated, use preg_replace_callback instead /Users/liuweitao/flora-dating/ThinkPHP/Lib/Template/ThinkTemplate.class.php 第 399 行.
NOTIC: [8192] preg_replace(): The /e modifier is deprecated, use preg_replace_callback instead /Users/liuweitao/flora-dating/ThinkPHP/Lib/Template/ThinkTemplate.class.php 第 404 行.
NOTIC: [8192] preg_replace(): The /e modifier is deprecated, use preg_replace_callback instead /Users/liuweitao/flora-dating/ThinkPHP/Lib/Template/ThinkTemplate.class.php 第 404 行.
NOTIC: [8192] preg_replace(): The /e modifier is deprecated, use preg_replace_callback instead /Users/liuweitao/flora-dating/ThinkPHP/Lib/Template/ThinkTemplate.class.php 第 404 行.
NOTIC: [8192] preg_replace(): The /e modifier is deprecated, use preg_replace_callback instead /Users/liuweitao/flora-dating/ThinkPHP/Lib/Template/ThinkTemplate.class.php 第 404 行.
NOTIC: [8192] preg_replace(): The /e modifier is deprecated, use preg_replace_callback instead /Users/liuweitao/flora-dating/ThinkPHP/Lib/Template/ThinkTemplate.class.php 第 404 行.
NOTIC: [8192] preg_replace(): The /e modifier is deprecated, use preg_replace_callback instead /Users/liuweitao/flora-dating/ThinkPHP/Lib/Template/ThinkTemplate.class.php 第 404 行.
NOTIC: [8192] preg_replace(): The /e modifier is deprecated, use preg_replace_callback instead /Users/liuweitao/flora-dating/ThinkPHP/Lib/Template/ThinkTemplate.class.php 第 404 行.
NOTIC: [8192] preg_replace(): The /e modifier is deprecated, use preg_replace_callback instead /Users/liuweitao/flora-dating/ThinkPHP/Lib/Template/ThinkTemplate.class.php 第 404 行.
NOTIC: [8192] preg_replace(): The /e modifier is deprecated, use preg_replace_callback instead /Users/liuweitao/flora-dating/ThinkPHP/Lib/Template/ThinkTemplate.class.php 第 404 行.
NOTIC: [8192] preg_replace(): The /e modifier is deprecated, use preg_replace_callback instead /Users/liuweitao/flora-dating/ThinkPHP/Lib/Template/ThinkTemplate.class.php 第 404 行.
NOTIC: [8192] preg_replace(): The /e modifier is deprecated, use preg_replace_callback instead /Users/liuweitao/flora-dating/ThinkPHP/Lib/Template/ThinkTemplate.class.php 第 404 行.
NOTIC: [8192] preg_replace(): The /e modifier is deprecated, use preg_replace_callback instead /Users/liuweitao/flora-dating/ThinkPHP/Lib/Template/ThinkTemplate.class.php 第 404 行.
NOTIC: [8192] preg_replace(): The /e modifier is deprecated, use preg_replace_callback instead /Users/liuweitao/flora-dating/ThinkPHP/Lib/Template/ThinkTemplate.class.php 第 404 行.
NOTIC: [8192] preg_replace(): The /e modifier is deprecated, use preg_replace_callback instead /Users/liuweitao/flora-dating/ThinkPHP/Lib/Template/ThinkTemplate.class.php 第 404 行.
NOTIC: [8192] preg_replace(): The /e modifier is deprecated, use preg_replace_callback instead /Users/liuweitao/flora-dating/ThinkPHP/Lib/Template/ThinkTemplate.class.php 第 404 行.
NOTIC: [8192] preg_replace(): The /e modifier is deprecated, use preg_replace_callback instead /Users/liuweitao/flora-dating/ThinkPHP/Lib/Template/ThinkTemplate.class.php 第 404 行.
NOTIC: [8192] preg_replace(): The /e modifier is deprecated, use preg_replace_callback instead /Users/liuweitao/flora-dating/ThinkPHP/Lib/Template/ThinkTemplate.class.php 第 404 行.
NOTIC: [8192] preg_replace(): The /e modifier is deprecated, use preg_replace_callback instead /Users/liuweitao/flora-dating/ThinkPHP/Lib/Template/ThinkTemplate.class.php 第 404 行.
NOTIC: [8192] preg_replace(): The /e modifier is deprecated, use preg_replace_callback instead /Users/liuweitao/flora-dating/ThinkPHP/Lib/Template/ThinkTemplate.class.php 第 404 行.
NOTIC: [8192] preg_replace(): The /e modifier is deprecated, use preg_replace_callback instead /Users/liuweitao/flora-dating/ThinkPHP/Lib/Template/ThinkTemplate.class.php 第 404 行.
NOTIC: [8192] preg_replace(): The /e modifier is deprecated, use preg_replace_callback instead /Users/liuweitao/flora-dating/ThinkPHP/Lib/Template/ThinkTemplate.class.php 第 404 行.
NOTIC: [8192] preg_replace(): The /e modifier is deprecated, use preg_replace_callback instead /Users/liuweitao/flora-dating/ThinkPHP/Lib/Template/ThinkTemplate.class.php 第 404 行.
NOTIC: [8192] preg_replace(): The /e modifier is deprecated, use preg_replace_callback instead /Users/liuweitao/flora-dating/ThinkPHP/Lib/Template/ThinkTemplate.class.php 第 404 行.
NOTIC: [8192] preg_replace(): The /e modifier is deprecated, use preg_replace_callback instead /Users/liuweitao/flora-dating/ThinkPHP/Lib/Template/ThinkTemplate.class.php 第 404 行.
NOTIC: [8192] preg_replace(): The /e modifier is deprecated, use preg_replace_callback instead /Users/liuweitao/flora-dating/ThinkPHP/Lib/Template/ThinkTemplate.class.php 第 404 行.
NOTIC: [8192] preg_replace(): The /e modifier is deprecated, use preg_replace_callback instead /Users/liuweitao/flora-dating/ThinkPHP/Lib/Template/ThinkTemplate.class.php 第 404 行.
NOTIC: [8192] preg_replace(): The /e modifier is deprecated, use preg_replace_callback instead /Users/liuweitao/flora-dating/ThinkPHP/Lib/Template/ThinkTemplate.class.php 第 404 行.
NOTIC: [8192] preg_replace(): The /e modifier is deprecated, use preg_replace_callback instead /Users/liuweitao/flora-dating/ThinkPHP/Lib/Template/ThinkTemplate.class.php 第 404 行.
NOTIC: [8192] preg_replace(): The /e modifier is deprecated, use preg_replace_callback instead /Users/liuweitao/flora-dating/ThinkPHP/Lib/Template/ThinkTemplate.class.php 第 404 行.
NOTIC: [8192] preg_replace(): The /e modifier is deprecated, use preg_replace_callback instead /Users/liuweitao/flora-dating/ThinkPHP/Lib/Template/ThinkTemplate.class.php 第 404 行.
NOTIC: [8192] preg_replace(): The /e modifier is deprecated, use preg_replace_callback instead /Users/liuweitao/flora-dating/ThinkPHP/Lib/Template/ThinkTemplate.class.php 第 404 行.
NOTIC: [8192] preg_replace(): The /e modifier is deprecated, use preg_replace_callback instead /Users/liuweitao/flora-dating/ThinkPHP/Lib/Template/ThinkTemplate.class.php 第 404 行.
NOTIC: [8192] preg_replace(): The /e modifier is deprecated, use preg_replace_callback instead /Users/liuweitao/flora-dating/ThinkPHP/Lib/Template/ThinkTemplate.class.php 第 404 行.
NOTIC: [8192] preg_replace(): The /e modifier is deprecated, use preg_replace_callback instead /Users/liuweitao/flora-dating/ThinkPHP/Lib/Template/ThinkTemplate.class.php 第 404 行.
NOTIC: [8192] preg_replace(): The /e modifier is deprecated, use preg_replace_callback instead /Users/liuweitao/flora-dating/ThinkPHP/Lib/Template/ThinkTemplate.class.php 第 404 行.
NOTIC: [8192] preg_replace(): The /e modifier is deprecated, use preg_replace_callback instead /Users/liuweitao/flora-dating/ThinkPHP/Lib/Template/ThinkTemplate.class.php 第 404 行.
NOTIC: [8192] preg_replace(): The /e modifier is deprecated, use preg_replace_callback instead /Users/liuweitao/flora-dating/ThinkPHP/Lib/Template/ThinkTemplate.class.php 第 404 行.
NOTIC: [8192] preg_replace(): The /e modifier is deprecated, use preg_replace_callback instead /Users/liuweitao/flora-dating/ThinkPHP/Lib/Template/ThinkTemplate.class.php 第 404 行.
NOTIC: [8192] preg_replace(): The /e modifier is deprecated, use preg_replace_callback instead /Users/liuweitao/flora-dating/ThinkPHP/Lib/Template/ThinkTemplate.class.php 第 404 行.
NOTIC: [8192] preg_replace(): The /e modifier is deprecated, use preg_replace_callback instead /Users/liuweitao/flora-dating/ThinkPHP/Lib/Template/ThinkTemplate.class.php 第 404 行.
NOTIC: [8192] preg_replace(): The /e modifier is deprecated, use preg_replace_callback instead /Users/liuweitao/flora-dating/ThinkPHP/Lib/Template/ThinkTemplate.class.php 第 404 行.
NOTIC: [8192] preg_replace(): The /e modifier is deprecated, use preg_replace_callback instead /Users/liuweitao/flora-dating/ThinkPHP/Lib/Template/ThinkTemplate.class.php 第 404 行.
NOTIC: [8192] preg_replace(): The /e modifier is deprecated, use preg_replace_callback instead /Users/liuweitao/flora-dating/ThinkPHP/Lib/Template/ThinkTemplate.class.php 第 404 行.
NOTIC: [8192] preg_replace(): The /e modifier is deprecated, use preg_replace_callback instead /Users/liuweitao/flora-dating/ThinkPHP/Lib/Template/ThinkTemplate.class.php 第 404 行.
NOTIC: [8192] preg_replace(): The /e modifier is deprecated, use preg_replace_callback instead /Users/liuweitao/flora-dating/ThinkPHP/Lib/Template/ThinkTemplate.class.php 第 404 行.
NOTIC: [8192] preg_replace(): The /e modifier is deprecated, use preg_replace_callback instead /Users/liuweitao/flora-dating/ThinkPHP/Lib/Template/ThinkTemplate.class.php 第 404 行.
NOTIC: [8192] preg_replace(): The /e modifier is deprecated, use preg_replace_callback instead /Users/liuweitao/flora-dating/ThinkPHP/Lib/Template/ThinkTemplate.class.php 第 404 行.
NOTIC: [8192] preg_replace(): The /e modifier is deprecated, use preg_replace_callback instead /Users/liuweitao/flora-dating/ThinkPHP/Lib/Template/ThinkTemplate.class.php 第 404 行.
NOTIC: [8192] preg_replace(): The /e modifier is deprecated, use preg_replace_callback instead /Users/liuweitao/flora-dating/ThinkPHP/Lib/Template/ThinkTemplate.class.php 第 404 行.
NOTIC: [8192] preg_replace(): The /e modifier is deprecated, use preg_replace_callback instead /Users/liuweitao/flora-dating/ThinkPHP/Lib/Template/ThinkTemplate.class.php 第 404 行.
NOTIC: [8192] preg_replace(): The /e modifier is deprecated, use preg_replace_callback instead /Users/liuweitao/flora-dating/ThinkPHP/Lib/Template/ThinkTemplate.class.php 第 404 行.
NOTIC: [8192] preg_replace(): The /e modifier is deprecated, use preg_replace_callback instead /Users/liuweitao/flora-dating/ThinkPHP/Lib/Template/ThinkTemplate.class.php 第 404 行.
NOTIC: [8192] preg_replace(): The /e modifier is deprecated, use preg_replace_callback instead /Users/liuweitao/flora-dating/ThinkPHP/Lib/Template/ThinkTemplate.class.php 第 404 行.
NOTIC: [8192] preg_replace(): The /e modifier is deprecated, use preg_replace_callback instead /Users/liuweitao/flora-dating/ThinkPHP/Lib/Template/ThinkTemplate.class.php 第 404 行.
NOTIC: [8192] preg_replace(): The /e modifier is deprecated, use preg_replace_callback instead /Users/liuweitao/flora-dating/ThinkPHP/Lib/Template/ThinkTemplate.class.php 第 404 行.
NOTIC: [8192] preg_replace(): The /e modifier is deprecated, use preg_replace_callback instead /Users/liuweitao/flora-dating/ThinkPHP/Lib/Template/ThinkTemplate.class.php 第 404 行.
NOTIC: [8192] preg_replace(): The /e modifier is deprecated, use preg_replace_callback instead /Users/liuweitao/flora-dating/ThinkPHP/Lib/Template/ThinkTemplate.class.php 第 404 行.
NOTIC: [8192] preg_replace(): The /e modifier is deprecated, use preg_replace_callback instead /Users/liuweitao/flora-dating/ThinkPHP/Lib/Template/ThinkTemplate.class.php 第 404 行.
NOTIC: [8192] preg_replace(): The /e modifier is deprecated, use preg_replace_callback instead /Users/liuweitao/flora-dating/ThinkPHP/Lib/Template/ThinkTemplate.class.php 第 404 行.
NOTIC: [8192] preg_replace(): The /e modifier is deprecated, use preg_replace_callback instead /Users/liuweitao/flora-dating/ThinkPHP/Lib/Template/ThinkTemplate.class.php 第 404 行.
NOTIC: [8192] preg_replace(): The /e modifier is deprecated, use preg_replace_callback instead /Users/liuweitao/flora-dating/ThinkPHP/Lib/Template/ThinkTemplate.class.php 第 404 行.
NOTIC: [8192] preg_replace(): The /e modifier is deprecated, use preg_replace_callback instead /Users/liuweitao/flora-dating/ThinkPHP/Lib/Template/ThinkTemplate.class.php 第 404 行.
NOTIC: [8192] preg_replace(): The /e modifier is deprecated, use preg_replace_callback instead /Users/liuweitao/flora-dating/ThinkPHP/Lib/Template/ThinkTemplate.class.php 第 404 行.
NOTIC: [8192] preg_replace(): The /e modifier is deprecated, use preg_replace_callback instead /Users/liuweitao/flora-dating/ThinkPHP/Lib/Template/ThinkTemplate.class.php 第 404 行.
NOTIC: [8192] preg_replace(): The /e modifier is deprecated, use preg_replace_callback instead /Users/liuweitao/flora-dating/ThinkPHP/Lib/Template/ThinkTemplate.class.php 第 404 行.
NOTIC: [8192] preg_replace(): The /e modifier is deprecated, use preg_replace_callback instead /Users/liuweitao/flora-dating/ThinkPHP/Lib/Template/ThinkTemplate.class.php 第 404 行.
NOTIC: [8192] preg_replace(): The /e modifier is deprecated, use preg_replace_callback instead /Users/liuweitao/flora-dating/ThinkPHP/Lib/Template/ThinkTemplate.class.php 第 399 行.
NOTIC: [8192] preg_replace(): The /e modifier is deprecated, use preg_replace_callback instead /Users/liuweitao/flora-dating/ThinkPHP/Lib/Template/ThinkTemplate.class.php 第 399 行.
NOTIC: [8192] preg_replace(): The /e modifier is deprecated, use preg_replace_callback instead /Users/liuweitao/flora-dating/ThinkPHP/Lib/Template/ThinkTemplate.class.php 第 399 行.
NOTIC: [8192] preg_replace(): The /e modifier is deprecated, use preg_replace_callback instead /Users/liuweitao/flora-dating/ThinkPHP/Lib/Template/ThinkTemplate.class.php 第 399 行.
NOTIC: [8192] preg_replace(): The /e modifier is deprecated, use preg_replace_callback instead /Users/liuweitao/flora-dating/ThinkPHP/Lib/Template/ThinkTemplate.class.php 第 399 行.
NOTIC: [8192] preg_replace(): The /e modifier is deprecated, use preg_replace_callback instead /Users/liuweitao/flora-dating/ThinkPHP/Lib/Template/ThinkTemplate.class.php 第 399 行.
NOTIC: [8192] preg_replace(): The /e modifier is deprecated, use preg_replace_callback instead /Users/liuweitao/flora-dating/ThinkPHP/Lib/Template/ThinkTemplate.class.php 第 404 行.
NOTIC: [8192] preg_replace(): The /e modifier is deprecated, use preg_replace_callback instead /Users/liuweitao/flora-dating/ThinkPHP/Lib/Template/ThinkTemplate.class.php 第 404 行.
NOTIC: [8192] preg_replace(): The /e modifier is deprecated, use preg_replace_callback instead /Users/liuweitao/flora-dating/ThinkPHP/Lib/Template/ThinkTemplate.class.php 第 404 行.
NOTIC: [8192] preg_replace(): The /e modifier is deprecated, use preg_replace_callback instead /Users/liuweitao/flora-dating/ThinkPHP/Lib/Template/ThinkTemplate.class.php 第 197 行.
NOTIC: [8192] preg_replace(): The /e modifier is deprecated, use preg_replace_callback instead /Users/liuweitao/flora-dating/ThinkPHP/Lib/Template/ThinkTemplate.class.php 第 273 行.
NOTIC: [8192] preg_replace(): The /e modifier is deprecated, use preg_replace_callback instead /Users/liuweitao/flora-dating/ThinkPHP/Lib/Template/ThinkTemplate.class.php 第 168 行.
NOTIC: [8192] preg_replace(): The /e modifier is deprecated, use preg_replace_callback instead /Users/liuweitao/flora-dating/ThinkPHP/Lib/Template/ThinkTemplate.class.php 第 404 行.
NOTIC: [8192] preg_replace(): The /e modifier is deprecated, use preg_replace_callback instead /Users/liuweitao/flora-dating/ThinkPHP/Lib/Template/ThinkTemplate.class.php 第 404 行.
NOTIC: [8192] preg_replace(): The /e modifier is deprecated, use preg_replace_callback instead /Users/liuweitao/flora-dating/ThinkPHP/Lib/Template/ThinkTemplate.class.php 第 404 行.
NOTIC: [8192] preg_replace(): The /e modifier is deprecated, use preg_replace_callback instead /Users/liuweitao/flora-dating/ThinkPHP/Lib/Template/ThinkTemplate.class.php 第 404 行.
NOTIC: [8192] preg_replace(): The /e modifier is deprecated, use preg_replace_callback instead /Users/liuweitao/flora-dating/ThinkPHP/Lib/Template/ThinkTemplate.class.php 第 404 行.
NOTIC: [8192] preg_replace(): The /e modifier is deprecated, use preg_replace_callback instead /Users/liuweitao/flora-dating/ThinkPHP/Lib/Template/ThinkTemplate.class.php 第 404 行.
NOTIC: [8192] preg_replace(): The /e modifier is deprecated, use preg_replace_callback instead /Users/liuweitao/flora-dating/ThinkPHP/Lib/Template/ThinkTemplate.class.php 第 404 行.
NOTIC: [8192] preg_replace(): The /e modifier is deprecated, use preg_replace_callback instead /Users/liuweitao/flora-dating/ThinkPHP/Lib/Template/ThinkTemplate.class.php 第 404 行.
NOTIC: [8192] preg_replace(): The /e modifier is deprecated, use preg_replace_callback instead /Users/liuweitao/flora-dating/ThinkPHP/Lib/Template/ThinkTemplate.class.php 第 404 行.
NOTIC: [8192] preg_replace(): The /e modifier is deprecated, use preg_replace_callback instead /Users/liuweitao/flora-dating/ThinkPHP/Lib/Template/ThinkTemplate.class.php 第 404 行.
NOTIC: [8192] preg_replace(): The /e modifier is deprecated, use preg_replace_callback instead /Users/liuweitao/flora-dating/ThinkPHP/Lib/Template/ThinkTemplate.class.php 第 404 行.
NOTIC: [8192] preg_replace(): The /e modifier is deprecated, use preg_replace_callback instead /Users/liuweitao/flora-dating/ThinkPHP/Lib/Template/ThinkTemplate.class.php 第 404 行.
NOTIC: [8192] preg_replace(): The /e modifier is deprecated, use preg_replace_callback instead /Users/liuweitao/flora-dating/ThinkPHP/Lib/Template/ThinkTemplate.class.php 第 399 行.
NOTIC: [8192] preg_replace(): The /e modifier is deprecated, use preg_replace_callback instead /Users/liuweitao/flora-dating/ThinkPHP/Lib/Template/ThinkTemplate.class.php 第 399 行.
NOTIC: [8192] preg_replace(): The /e modifier is deprecated, use preg_replace_callback instead /Users/liuweitao/flora-dating/ThinkPHP/Lib/Template/ThinkTemplate.class.php 第 404 行.
NOTIC: [8192] preg_replace(): The /e modifier is deprecated, use preg_replace_callback instead /Users/liuweitao/flora-dating/ThinkPHP/Lib/Template/ThinkTemplate.class.php 第 404 行.
NOTIC: [8192] preg_replace(): The /e modifier is deprecated, use preg_replace_callback instead /Users/liuweitao/flora-dating/ThinkPHP/Lib/Template/ThinkTemplate.class.php 第 404 行.
NOTIC: [8192] preg_replace(): The /e modifier is deprecated, use preg_replace_callback instead /Users/liuweitao/flora-dating/ThinkPHP/Lib/Template/ThinkTemplate.class.php 第 399 行.
NOTIC: [8192] preg_replace(): The /e modifier is deprecated, use preg_replace_callback instead /Users/liuweitao/flora-dating/ThinkPHP/Lib/Template/ThinkTemplate.class.php 第 404 行.
NOTIC: [8192] preg_replace(): The /e modifier is deprecated, use preg_replace_callback instead /Users/liuweitao/flora-dating/ThinkPHP/Lib/Template/ThinkTemplate.class.php 第 404 行.
NOTIC: [8192] preg_replace(): The /e modifier is deprecated, use preg_replace_callback instead /Users/liuweitao/flora-dating/ThinkPHP/Lib/Template/ThinkTemplate.class.php 第 404 行.
NOTIC: [8192] preg_replace(): The /e modifier is deprecated, use preg_replace_callback instead /Users/liuweitao/flora-dating/ThinkPHP/Lib/Template/ThinkTemplate.class.php 第 404 行.
NOTIC: [8192] preg_replace(): The /e modifier is deprecated, use preg_replace_callback instead /Users/liuweitao/flora-dating/ThinkPHP/Lib/Template/ThinkTemplate.class.php 第 404 行.
NOTIC: [8192] preg_replace(): The /e modifier is deprecated, use preg_replace_callback instead /Users/liuweitao/flora-dating/ThinkPHP/Lib/Template/ThinkTemplate.class.php 第 404 行.
NOTIC: [8192] preg_replace(): The /e modifier is deprecated, use preg_replace_callback instead /Users/liuweitao/flora-dating/ThinkPHP/Lib/Template/ThinkTemplate.class.php 第 404 行.
NOTIC: [8192] preg_replace(): The /e modifier is deprecated, use preg_replace_callback instead /Users/liuweitao/flora-dating/ThinkPHP/Lib/Template/ThinkTemplate.class.php 第 404 行.
NOTIC: [8192] preg_replace(): The /e modifier is deprecated, use preg_replace_callback instead /Users/liuweitao/flora-dating/ThinkPHP/Lib/Template/ThinkTemplate.class.php 第 404 行.
NOTIC: [8192] preg_replace(): The /e modifier is deprecated, use preg_replace_callback instead /Users/liuweitao/flora-dating/ThinkPHP/Lib/Template/ThinkTemplate.class.php 第 404 行.
NOTIC: [8192] preg_replace(): The /e modifier is deprecated, use preg_replace_callback instead /Users/liuweitao/flora-dating/ThinkPHP/Lib/Template/ThinkTemplate.class.php 第 404 行.
NOTIC: [8192] preg_replace(): The /e modifier is deprecated, use preg_replace_callback instead /Users/liuweitao/flora-dating/ThinkPHP/Lib/Template/ThinkTemplate.class.php 第 404 行.
NOTIC: [8192] preg_replace(): The /e modifier is deprecated, use preg_replace_callback instead /Users/liuweitao/flora-dating/ThinkPHP/Lib/Template/ThinkTemplate.class.php 第 404 行.
NOTIC: [8192] preg_replace(): The /e modifier is deprecated, use preg_replace_callback instead /Users/liuweitao/flora-dating/ThinkPHP/Lib/Template/ThinkTemplate.class.php 第 404 行.
NOTIC: [8192] preg_replace(): The /e modifier is deprecated, use preg_replace_callback instead /Users/liuweitao/flora-dating/ThinkPHP/Lib/Template/ThinkTemplate.class.php 第 404 行.
NOTIC: [8192] preg_replace(): The /e modifier is deprecated, use preg_replace_callback instead /Users/liuweitao/flora-dating/ThinkPHP/Lib/Template/ThinkTemplate.class.php 第 404 行.
NOTIC: [8192] preg_replace(): The /e modifier is deprecated, use preg_replace_callback instead /Users/liuweitao/flora-dating/ThinkPHP/Lib/Template/ThinkTemplate.class.php 第 404 行.
NOTIC: [8192] preg_replace(): The /e modifier is deprecated, use preg_replace_callback instead /Users/liuweitao/flora-dating/ThinkPHP/Lib/Template/ThinkTemplate.class.php 第 404 行.
NOTIC: [8192] preg_replace(): The /e modifier is deprecated, use preg_replace_callback instead /Users/liuweitao/flora-dating/ThinkPHP/Lib/Template/ThinkTemplate.class.php 第 404 行.
NOTIC: [8192] preg_replace(): The /e modifier is deprecated, use preg_replace_callback instead /Users/liuweitao/flora-dating/ThinkPHP/Lib/Template/ThinkTemplate.class.php 第 404 行.
NOTIC: [8192] preg_replace(): The /e modifier is deprecated, use preg_replace_callback instead /Users/liuweitao/flora-dating/ThinkPHP/Lib/Template/ThinkTemplate.class.php 第 404 行.
NOTIC: [8192] preg_replace(): The /e modifier is deprecated, use preg_replace_callback instead /Users/liuweitao/flora-dating/ThinkPHP/Lib/Template/ThinkTemplate.class.php 第 404 行.
NOTIC: [8192] preg_replace(): The /e modifier is deprecated, use preg_replace_callback instead /Users/liuweitao/flora-dating/ThinkPHP/Lib/Template/ThinkTemplate.class.php 第 404 行.
NOTIC: [8192] preg_replace(): The /e modifier is deprecated, use preg_replace_callback instead /Users/liuweitao/flora-dating/ThinkPHP/Lib/Template/ThinkTemplate.class.php 第 404 行.
NOTIC: [8192] preg_replace(): The /e modifier is deprecated, use preg_replace_callback instead /Users/liuweitao/flora-dating/ThinkPHP/Lib/Template/ThinkTemplate.class.php 第 404 行.
NOTIC: [8192] preg_replace(): The /e modifier is deprecated, use preg_replace_callback instead /Users/liuweitao/flora-dating/ThinkPHP/Lib/Template/ThinkTemplate.class.php 第 404 行.
NOTIC: [8192] preg_replace(): The /e modifier is deprecated, use preg_replace_callback instead /Users/liuweitao/flora-dating/ThinkPHP/Lib/Template/ThinkTemplate.class.php 第 404 行.
NOTIC: [8192] preg_replace(): The /e modifier is deprecated, use preg_replace_callback instead /Users/liuweitao/flora-dating/ThinkPHP/Lib/Template/ThinkTemplate.class.php 第 404 行.
NOTIC: [8192] preg_replace(): The /e modifier is deprecated, use preg_replace_callback instead /Users/liuweitao/flora-dating/ThinkPHP/Lib/Template/ThinkTemplate.class.php 第 404 行.
NOTIC: [8192] preg_replace(): The /e modifier is deprecated, use preg_replace_callback instead /Users/liuweitao/flora-dating/ThinkPHP/Lib/Template/ThinkTemplate.class.php 第 404 行.
NOTIC: [8192] preg_replace(): The /e modifier is deprecated, use preg_replace_callback instead /Users/liuweitao/flora-dating/ThinkPHP/Lib/Template/ThinkTemplate.class.php 第 404 行.
NOTIC: [8192] preg_replace(): The /e modifier is deprecated, use preg_replace_callback instead /Users/liuweitao/flora-dating/ThinkPHP/Lib/Template/ThinkTemplate.class.php 第 404 行.
NOTIC: [8192] preg_replace(): The /e modifier is deprecated, use preg_replace_callback instead /Users/liuweitao/flora-dating/ThinkPHP/Lib/Template/ThinkTemplate.class.php 第 404 行.
NOTIC: [8192] preg_replace(): The /e modifier is deprecated, use preg_replace_callback instead /Users/liuweitao/flora-dating/ThinkPHP/Lib/Template/ThinkTemplate.class.php 第 404 行.
NOTIC: [8192] preg_replace(): The /e modifier is deprecated, use preg_replace_callback instead /Users/liuweitao/flora-dating/ThinkPHP/Lib/Template/ThinkTemplate.class.php 第 404 行.
NOTIC: [8192] preg_replace(): The /e modifier is deprecated, use preg_replace_callback instead /Users/liuweitao/flora-dating/ThinkPHP/Lib/Template/ThinkTemplate.class.php 第 404 行.
NOTIC: [8192] preg_replace(): The /e modifier is deprecated, use preg_replace_callback instead /Users/liuweitao/flora-dating/ThinkPHP/Lib/Template/ThinkTemplate.class.php 第 404 行.
NOTIC: [8192] preg_replace(): The /e modifier is deprecated, use preg_replace_callback instead /Users/liuweitao/flora-dating/ThinkPHP/Lib/Template/ThinkTemplate.class.php 第 404 行.
NOTIC: [8192] preg_replace(): The /e modifier is deprecated, use preg_replace_callback instead /Users/liuweitao/flora-dating/ThinkPHP/Lib/Template/ThinkTemplate.class.php 第 404 行.
NOTIC: [8192] preg_replace(): The /e modifier is deprecated, use preg_replace_callback instead /Users/liuweitao/flora-dating/ThinkPHP/Lib/Template/ThinkTemplate.class.php 第 404 行.
NOTIC: [8192] preg_replace(): The /e modifier is deprecated, use preg_replace_callback instead /Users/liuweitao/flora-dating/ThinkPHP/Lib/Template/ThinkTemplate.class.php 第 404 行.
NOTIC: [8192] preg_replace(): The /e modifier is deprecated, use preg_replace_callback instead /Users/liuweitao/flora-dating/ThinkPHP/Lib/Template/ThinkTemplate.class.php 第 404 行.
NOTIC: [8192] preg_replace(): The /e modifier is deprecated, use preg_replace_callback instead /Users/liuweitao/flora-dating/ThinkPHP/Lib/Template/ThinkTemplate.class.php 第 404 行.
NOTIC: [8192] preg_replace(): The /e modifier is deprecated, use preg_replace_callback instead /Users/liuweitao/flora-dating/ThinkPHP/Lib/Template/ThinkTemplate.class.php 第 404 行.
NOTIC: [8192] preg_replace(): The /e modifier is deprecated, use preg_replace_callback instead /Users/liuweitao/flora-dating/ThinkPHP/Lib/Template/ThinkTemplate.class.php 第 404 行.
NOTIC: [8192] preg_replace(): The /e modifier is deprecated, use preg_replace_callback instead /Users/liuweitao/flora-dating/ThinkPHP/Lib/Template/ThinkTemplate.class.php 第 404 行.
NOTIC: [8192] preg_replace(): The /e modifier is deprecated, use preg_replace_callback instead /Users/liuweitao/flora-dating/ThinkPHP/Lib/Template/ThinkTemplate.class.php 第 404 行.
NOTIC: [8192] preg_replace(): The /e modifier is deprecated, use preg_replace_callback instead /Users/liuweitao/flora-dating/ThinkPHP/Lib/Template/ThinkTemplate.class.php 第 404 行.
NOTIC: [8192] preg_replace(): The /e modifier is deprecated, use preg_replace_callback instead /Users/liuweitao/flora-dating/ThinkPHP/Lib/Template/ThinkTemplate.class.php 第 404 行.
NOTIC: [8192] preg_replace(): The /e modifier is deprecated, use preg_replace_callback instead /Users/liuweitao/flora-dating/ThinkPHP/Lib/Template/ThinkTemplate.class.php 第 404 行.
NOTIC: [8192] preg_replace(): The /e modifier is deprecated, use preg_replace_callback instead /Users/liuweitao/flora-dating/ThinkPHP/Lib/Template/ThinkTemplate.class.php 第 404 行.
NOTIC: [8192] preg_replace(): The /e modifier is deprecated, use preg_replace_callback instead /Users/liuweitao/flora-dating/ThinkPHP/Lib/Template/ThinkTemplate.class.php 第 404 行.
NOTIC: [8192] preg_replace(): The /e modifier is deprecated, use preg_replace_callback instead /Users/liuweitao/flora-dating/ThinkPHP/Lib/Template/ThinkTemplate.class.php 第 404 行.
NOTIC: [8192] preg_replace(): The /e modifier is deprecated, use preg_replace_callback instead /Users/liuweitao/flora-dating/ThinkPHP/Lib/Template/ThinkTemplate.class.php 第 404 行.
NOTIC: [8192] preg_replace(): The /e modifier is deprecated, use preg_replace_callback instead /Users/liuweitao/flora-dating/ThinkPHP/Lib/Template/ThinkTemplate.class.php 第 404 行.
NOTIC: [8192] preg_replace(): The /e modifier is deprecated, use preg_replace_callback instead /Users/liuweitao/flora-dating/ThinkPHP/Lib/Template/ThinkTemplate.class.php 第 404 行.
NOTIC: [8192] preg_replace(): The /e modifier is deprecated, use preg_replace_callback instead /Users/liuweitao/flora-dating/ThinkPHP/Lib/Template/ThinkTemplate.class.php 第 404 行.
NOTIC: [8192] preg_replace(): The /e modifier is deprecated, use preg_replace_callback instead /Users/liuweitao/flora-dating/ThinkPHP/Lib/Template/ThinkTemplate.class.php 第 404 行.
NOTIC: [8192] preg_replace(): The /e modifier is deprecated, use preg_replace_callback instead /Users/liuweitao/flora-dating/ThinkPHP/Lib/Template/ThinkTemplate.class.php 第 404 行.
NOTIC: [8192] preg_replace(): The /e modifier is deprecated, use preg_replace_callback instead /Users/liuweitao/flora-dating/ThinkPHP/Lib/Template/ThinkTemplate.class.php 第 404 行.
NOTIC: [8192] preg_replace(): The /e modifier is deprecated, use preg_replace_callback instead /Users/liuweitao/flora-dating/ThinkPHP/Lib/Template/ThinkTemplate.class.php 第 404 行.
NOTIC: [8192] preg_replace(): The /e modifier is deprecated, use preg_replace_callback instead /Users/liuweitao/flora-dating/ThinkPHP/Lib/Template/ThinkTemplate.class.php 第 404 行.
NOTIC: [8192] preg_replace(): The /e modifier is deprecated, use preg_replace_callback instead /Users/liuweitao/flora-dating/ThinkPHP/Lib/Template/ThinkTemplate.class.php 第 404 行.
NOTIC: [8192] preg_replace(): The /e modifier is deprecated, use preg_replace_callback instead /Users/liuweitao/flora-dating/ThinkPHP/Lib/Template/ThinkTemplate.class.php 第 404 行.
NOTIC: [8192] preg_replace(): The /e modifier is deprecated, use preg_replace_callback instead /Users/liuweitao/flora-dating/ThinkPHP/Lib/Template/ThinkTemplate.class.php 第 404 行.
NOTIC: [8192] preg_replace(): The /e modifier is deprecated, use preg_replace_callback instead /Users/liuweitao/flora-dating/ThinkPHP/Lib/Template/ThinkTemplate.class.php 第 404 行.
NOTIC: [8192] preg_replace(): The /e modifier is deprecated, use preg_replace_callback instead /Users/liuweitao/flora-dating/ThinkPHP/Lib/Template/ThinkTemplate.class.php 第 399 行.
NOTIC: [8192] preg_replace(): The /e modifier is deprecated, use preg_replace_callback instead /Users/liuweitao/flora-dating/ThinkPHP/Lib/Template/ThinkTemplate.class.php 第 399 行.
NOTIC: [8192] preg_replace(): The /e modifier is deprecated, use preg_replace_callback instead /Users/liuweitao/flora-dating/ThinkPHP/Lib/Template/ThinkTemplate.class.php 第 399 行.
NOTIC: [8192] preg_replace(): The /e modifier is deprecated, use preg_replace_callback instead /Users/liuweitao/flora-dating/ThinkPHP/Lib/Template/ThinkTemplate.class.php 第 399 行.
NOTIC: [8192] preg_replace(): The /e modifier is deprecated, use preg_replace_callback instead /Users/liuweitao/flora-dating/ThinkPHP/Lib/Template/ThinkTemplate.class.php 第 399 行.
NOTIC: [8192] preg_replace(): The /e modifier is deprecated, use preg_replace_callback instead /Users/liuweitao/flora-dating/ThinkPHP/Lib/Template/ThinkTemplate.class.php 第 399 行.
NOTIC: [8192] preg_replace(): The /e modifier is deprecated, use preg_replace_callback instead /Users/liuweitao/flora-dating/ThinkPHP/Lib/Template/ThinkTemplate.class.php 第 404 行.
NOTIC: [8192] preg_replace(): The /e modifier is deprecated, use preg_replace_callback instead /Users/liuweitao/flora-dating/ThinkPHP/Lib/Template/ThinkTemplate.class.php 第 404 行.
NOTIC: [8192] preg_replace(): The /e modifier is deprecated, use preg_replace_callback instead /Users/liuweitao/flora-dating/ThinkPHP/Lib/Template/ThinkTemplate.class.php 第 404 行.
NOTIC: [8192] preg_replace(): The /e modifier is deprecated, use preg_replace_callback instead /Users/liuweitao/flora-dating/ThinkPHP/Lib/Template/ThinkTemplate.class.php 第 197 行.
NOTIC: [8192] preg_replace(): The /e modifier is deprecated, use preg_replace_callback instead /Users/liuweitao/flora-dating/ThinkPHP/Lib/Template/ThinkTemplate.class.php 第 273 行.
NOTIC: [8192] preg_replace(): The /e modifier is deprecated, use preg_replace_callback instead /Users/liuweitao/flora-dating/ThinkPHP/Lib/Template/ThinkTemplate.class.php 第 168 行.
NOTIC: [8192] preg_replace(): The /e modifier is deprecated, use preg_replace_callback instead /Users/liuweitao/flora-dating/ThinkPHP/Lib/Template/ThinkTemplate.class.php 第 404 行.
NOTIC: [8192] preg_replace(): The /e modifier is deprecated, use preg_replace_callback instead /Users/liuweitao/flora-dating/ThinkPHP/Lib/Template/ThinkTemplate.class.php 第 404 行.
NOTIC: [8192] preg_replace(): The /e modifier is deprecated, use preg_replace_callback instead /Users/liuweitao/flora-dating/ThinkPHP/Lib/Template/ThinkTemplate.class.php 第 404 行.
NOTIC: [8192] preg_replace(): The /e modifier is deprecated, use preg_replace_callback instead /Users/liuweitao/flora-dating/ThinkPHP/Lib/Template/ThinkTemplate.class.php 第 404 行.
NOTIC: [8192] preg_replace(): The /e modifier is deprecated, use preg_replace_callback instead /Users/liuweitao/flora-dating/ThinkPHP/Lib/Template/ThinkTemplate.class.php 第 404 行.
NOTIC: [8192] preg_replace(): The /e modifier is deprecated, use preg_replace_callback instead /Users/liuweitao/flora-dating/ThinkPHP/Lib/Template/ThinkTemplate.class.php 第 404 行.
NOTIC: [8192] preg_replace(): The /e modifier is deprecated, use preg_replace_callback instead /Users/liuweitao/flora-dating/ThinkPHP/Lib/Template/ThinkTemplate.class.php 第 404 行.
NOTIC: [8192] preg_replace(): The /e modifier is deprecated, use preg_replace_callback instead /Users/liuweitao/flora-dating/ThinkPHP/Lib/Template/ThinkTemplate.class.php 第 404 行.
NOTIC: [8192] preg_replace(): The /e modifier is deprecated, use preg_replace_callback instead /Users/liuweitao/flora-dating/ThinkPHP/Lib/Template/ThinkTemplate.class.php 第 404 行.
NOTIC: [8192] preg_replace(): The /e modifier is deprecated, use preg_replace_callback instead /Users/liuweitao/flora-dating/ThinkPHP/Lib/Template/ThinkTemplate.class.php 第 404 行.
NOTIC: [8192] preg_replace(): The /e modifier is deprecated, use preg_replace_callback instead /Users/liuweitao/flora-dating/ThinkPHP/Lib/Template/ThinkTemplate.class.php 第 404 行.
NOTIC: [8192] preg_replace(): The /e modifier is deprecated, use preg_replace_callback instead /Users/liuweitao/flora-dating/ThinkPHP/Lib/Template/ThinkTemplate.class.php 第 404 行.
NOTIC: [8192] preg_replace(): The /e modifier is deprecated, use preg_replace_callback instead /Users/liuweitao/flora-dating/ThinkPHP/Lib/Template/ThinkTemplate.class.php 第 399 行.
NOTIC: [8192] preg_replace(): The /e modifier is deprecated, use preg_replace_callback instead /Users/liuweitao/flora-dating/ThinkPHP/Lib/Template/ThinkTemplate.class.php 第 399 行.
NOTIC: [8192] preg_replace(): The /e modifier is deprecated, use preg_replace_callback instead /Users/liuweitao/flora-dating/ThinkPHP/Lib/Template/ThinkTemplate.class.php 第 404 行.
NOTIC: [8192] preg_replace(): The /e modifier is deprecated, use preg_replace_callback instead /Users/liuweitao/flora-dating/ThinkPHP/Lib/Template/ThinkTemplate.class.php 第 404 行.
NOTIC: [8192] preg_replace(): The /e modifier is deprecated, use preg_replace_callback instead /Users/liuweitao/flora-dating/ThinkPHP/Lib/Template/ThinkTemplate.class.php 第 404 行.
NOTIC: [8192] preg_replace(): The /e modifier is deprecated, use preg_replace_callback instead /Users/liuweitao/flora-dating/ThinkPHP/Lib/Template/ThinkTemplate.class.php 第 399 行.
NOTIC: [8192] preg_replace(): The /e modifier is deprecated, use preg_replace_callback instead /Users/liuweitao/flora-dating/ThinkPHP/Lib/Template/ThinkTemplate.class.php 第 404 行.
NOTIC: [8192] preg_replace(): The /e modifier is deprecated, use preg_replace_callback instead /Users/liuweitao/flora-dating/ThinkPHP/Lib/Template/ThinkTemplate.class.php 第 404 行.
NOTIC: [8192] preg_replace(): The /e modifier is deprecated, use preg_replace_callback instead /Users/liuweitao/flora-dating/ThinkPHP/Lib/Template/ThinkTemplate.class.php 第 404 行.
NOTIC: [8192] preg_replace(): The /e modifier is deprecated, use preg_replace_callback instead /Users/liuweitao/flora-dating/ThinkPHP/Lib/Template/ThinkTemplate.class.php 第 404 行.
NOTIC: [8192] preg_replace(): The /e modifier is deprecated, use preg_replace_callback instead /Users/liuweitao/flora-dating/ThinkPHP/Lib/Template/ThinkTemplate.class.php 第 404 行.
NOTIC: [8192] preg_replace(): The /e modifier is deprecated, use preg_replace_callback instead /Users/liuweitao/flora-dating/ThinkPHP/Lib/Template/ThinkTemplate.class.php 第 404 行.
NOTIC: [8192] preg_replace(): The /e modifier is deprecated, use preg_replace_callback instead /Users/liuweitao/flora-dating/ThinkPHP/Lib/Template/ThinkTemplate.class.php 第 404 行.
NOTIC: [8192] preg_replace(): The /e modifier is deprecated, use preg_replace_callback instead /Users/liuweitao/flora-dating/ThinkPHP/Lib/Template/ThinkTemplate.class.php 第 404 行.
NOTIC: [8192] preg_replace(): The /e modifier is deprecated, use preg_replace_callback instead /Users/liuweitao/flora-dating/ThinkPHP/Lib/Template/ThinkTemplate.class.php 第 404 行.
NOTIC: [8192] preg_replace(): The /e modifier is deprecated, use preg_replace_callback instead /Users/liuweitao/flora-dating/ThinkPHP/Lib/Template/ThinkTemplate.class.php 第 404 行.
NOTIC: [8192] preg_replace(): The /e modifier is deprecated, use preg_replace_callback instead /Users/liuweitao/flora-dating/ThinkPHP/Lib/Template/ThinkTemplate.class.php 第 404 行.
NOTIC: [8192] preg_replace(): The /e modifier is deprecated, use preg_replace_callback instead /Users/liuweitao/flora-dating/ThinkPHP/Lib/Template/ThinkTemplate.class.php 第 404 行.
NOTIC: [8192] preg_replace(): The /e modifier is deprecated, use preg_replace_callback instead /Users/liuweitao/flora-dating/ThinkPHP/Lib/Template/ThinkTemplate.class.php 第 404 行.
NOTIC: [8192] preg_replace(): The /e modifier is deprecated, use preg_replace_callback instead /Users/liuweitao/flora-dating/ThinkPHP/Lib/Template/ThinkTemplate.class.php 第 404 行.
NOTIC: [8192] preg_replace(): The /e modifier is deprecated, use preg_replace_callback instead /Users/liuweitao/flora-dating/ThinkPHP/Lib/Template/ThinkTemplate.class.php 第 404 行.
NOTIC: [8192] preg_replace(): The /e modifier is deprecated, use preg_replace_callback instead /Users/liuweitao/flora-dating/ThinkPHP/Lib/Template/ThinkTemplate.class.php 第 404 行.
NOTIC: [8192] preg_replace(): The /e modifier is deprecated, use preg_replace_callback instead /Users/liuweitao/flora-dating/ThinkPHP/Lib/Template/ThinkTemplate.class.php 第 404 行.
NOTIC: [8192] preg_replace(): The /e modifier is deprecated, use preg_replace_callback instead /Users/liuweitao/flora-dating/ThinkPHP/Lib/Template/ThinkTemplate.class.php 第 404 行.
NOTIC: [8192] preg_replace(): The /e modifier is deprecated, use preg_replace_callback instead /Users/liuweitao/flora-dating/ThinkPHP/Lib/Template/ThinkTemplate.class.php 第 404 行.
NOTIC: [8192] preg_replace(): The /e modifier is deprecated, use preg_replace_callback instead /Users/liuweitao/flora-dating/ThinkPHP/Lib/Template/ThinkTemplate.class.php 第 404 行.
NOTIC: [8192] preg_replace(): The /e modifier is deprecated, use preg_replace_callback instead /Users/liuweitao/flora-dating/ThinkPHP/Lib/Template/ThinkTemplate.class.php 第 404 行.
NOTIC: [8192] preg_replace(): The /e modifier is deprecated, use preg_replace_callback instead /Users/liuweitao/flora-dating/ThinkPHP/Lib/Template/ThinkTemplate.class.php 第 404 行.
NOTIC: [8192] preg_replace(): The /e modifier is deprecated, use preg_replace_callback instead /Users/liuweitao/flora-dating/ThinkPHP/Lib/Template/ThinkTemplate.class.php 第 404 行.
NOTIC: [8192] preg_replace(): The /e modifier is deprecated, use preg_replace_callback instead /Users/liuweitao/flora-dating/ThinkPHP/Lib/Template/ThinkTemplate.class.php 第 404 行.
NOTIC: [8192] preg_replace(): The /e modifier is deprecated, use preg_replace_callback instead /Users/liuweitao/flora-dating/ThinkPHP/Lib/Template/ThinkTemplate.class.php 第 404 行.
NOTIC: [8192] preg_replace(): The /e modifier is deprecated, use preg_replace_callback instead /Users/liuweitao/flora-dating/ThinkPHP/Lib/Template/ThinkTemplate.class.php 第 404 行.
NOTIC: [8192] preg_replace(): The /e modifier is deprecated, use preg_replace_callback instead /Users/liuweitao/flora-dating/ThinkPHP/Lib/Template/ThinkTemplate.class.php 第 404 行.
NOTIC: [8192] preg_replace(): The /e modifier is deprecated, use preg_replace_callback instead /Users/liuweitao/flora-dating/ThinkPHP/Lib/Template/ThinkTemplate.class.php 第 404 行.
NOTIC: [8192] preg_replace(): The /e modifier is deprecated, use preg_replace_callback instead /Users/liuweitao/flora-dating/ThinkPHP/Lib/Template/ThinkTemplate.class.php 第 404 行.
NOTIC: [8192] preg_replace(): The /e modifier is deprecated, use preg_replace_callback instead /Users/liuweitao/flora-dating/ThinkPHP/Lib/Template/ThinkTemplate.class.php 第 404 行.
NOTIC: [8192] preg_replace(): The /e modifier is deprecated, use preg_replace_callback instead /Users/liuweitao/flora-dating/ThinkPHP/Lib/Template/ThinkTemplate.class.php 第 404 行.
NOTIC: [8192] preg_replace(): The /e modifier is deprecated, use preg_replace_callback instead /Users/liuweitao/flora-dating/ThinkPHP/Lib/Template/ThinkTemplate.class.php 第 404 行.
NOTIC: [8192] preg_replace(): The /e modifier is deprecated, use preg_replace_callback instead /Users/liuweitao/flora-dating/ThinkPHP/Lib/Template/ThinkTemplate.class.php 第 404 行.
NOTIC: [8192] preg_replace(): The /e modifier is deprecated, use preg_replace_callback instead /Users/liuweitao/flora-dating/ThinkPHP/Lib/Template/ThinkTemplate.class.php 第 404 行.
NOTIC: [8192] preg_replace(): The /e modifier is deprecated, use preg_replace_callback instead /Users/liuweitao/flora-dating/ThinkPHP/Lib/Template/ThinkTemplate.class.php 第 404 行.
NOTIC: [8192] preg_replace(): The /e modifier is deprecated, use preg_replace_callback instead /Users/liuweitao/flora-dating/ThinkPHP/Lib/Template/ThinkTemplate.class.php 第 404 行.
NOTIC: [8192] preg_replace(): The /e modifier is deprecated, use preg_replace_callback instead /Users/liuweitao/flora-dating/ThinkPHP/Lib/Template/ThinkTemplate.class.php 第 404 行.
NOTIC: [8192] preg_replace(): The /e modifier is deprecated, use preg_replace_callback instead /Users/liuweitao/flora-dating/ThinkPHP/Lib/Template/ThinkTemplate.class.php 第 404 行.
NOTIC: [8192] preg_replace(): The /e modifier is deprecated, use preg_replace_callback instead /Users/liuweitao/flora-dating/ThinkPHP/Lib/Template/ThinkTemplate.class.php 第 404 行.
NOTIC: [8192] preg_replace(): The /e modifier is deprecated, use preg_replace_callback instead /Users/liuweitao/flora-dating/ThinkPHP/Lib/Template/ThinkTemplate.class.php 第 404 行.
NOTIC: [8192] preg_replace(): The /e modifier is deprecated, use preg_replace_callback instead /Users/liuweitao/flora-dating/ThinkPHP/Lib/Template/ThinkTemplate.class.php 第 404 行.
NOTIC: [8192] preg_replace(): The /e modifier is deprecated, use preg_replace_callback instead /Users/liuweitao/flora-dating/ThinkPHP/Lib/Template/ThinkTemplate.class.php 第 404 行.
NOTIC: [8192] preg_replace(): The /e modifier is deprecated, use preg_replace_callback instead /Users/liuweitao/flora-dating/ThinkPHP/Lib/Template/ThinkTemplate.class.php 第 404 行.
NOTIC: [8192] preg_replace(): The /e modifier is deprecated, use preg_replace_callback instead /Users/liuweitao/flora-dating/ThinkPHP/Lib/Template/ThinkTemplate.class.php 第 404 行.
NOTIC: [8192] preg_replace(): The /e modifier is deprecated, use preg_replace_callback instead /Users/liuweitao/flora-dating/ThinkPHP/Lib/Template/ThinkTemplate.class.php 第 404 行.
NOTIC: [8192] preg_replace(): The /e modifier is deprecated, use preg_replace_callback instead /Users/liuweitao/flora-dating/ThinkPHP/Lib/Template/ThinkTemplate.class.php 第 404 行.
NOTIC: [8192] preg_replace(): The /e modifier is deprecated, use preg_replace_callback instead /Users/liuweitao/flora-dating/ThinkPHP/Lib/Template/ThinkTemplate.class.php 第 404 行.
NOTIC: [8192] preg_replace(): The /e modifier is deprecated, use preg_replace_callback instead /Users/liuweitao/flora-dating/ThinkPHP/Lib/Template/ThinkTemplate.class.php 第 404 行.
NOTIC: [8192] preg_replace(): The /e modifier is deprecated, use preg_replace_callback instead /Users/liuweitao/flora-dating/ThinkPHP/Lib/Template/ThinkTemplate.class.php 第 404 行.
NOTIC: [8192] preg_replace(): The /e modifier is deprecated, use preg_replace_callback instead /Users/liuweitao/flora-dating/ThinkPHP/Lib/Template/ThinkTemplate.class.php 第 404 行.
NOTIC: [8192] preg_replace(): The /e modifier is deprecated, use preg_replace_callback instead /Users/liuweitao/flora-dating/ThinkPHP/Lib/Template/ThinkTemplate.class.php 第 404 行.
NOTIC: [8192] preg_replace(): The /e modifier is deprecated, use preg_replace_callback instead /Users/liuweitao/flora-dating/ThinkPHP/Lib/Template/ThinkTemplate.class.php 第 404 行.
NOTIC: [8192] preg_replace(): The /e modifier is deprecated, use preg_replace_callback instead /Users/liuweitao/flora-dating/ThinkPHP/Lib/Template/ThinkTemplate.class.php 第 404 行.
NOTIC: [8192] preg_replace(): The /e modifier is deprecated, use preg_replace_callback instead /Users/liuweitao/flora-dating/ThinkPHP/Lib/Template/ThinkTemplate.class.php 第 404 行.
NOTIC: [8192] preg_replace(): The /e modifier is deprecated, use preg_replace_callback instead /Users/liuweitao/flora-dating/ThinkPHP/Lib/Template/ThinkTemplate.class.php 第 404 行.
NOTIC: [8192] preg_replace(): The /e modifier is deprecated, use preg_replace_callback instead /Users/liuweitao/flora-dating/ThinkPHP/Lib/Template/ThinkTemplate.class.php 第 404 行.
NOTIC: [8192] preg_replace(): The /e modifier is deprecated, use preg_replace_callback instead /Users/liuweitao/flora-dating/ThinkPHP/Lib/Template/ThinkTemplate.class.php 第 404 行.
NOTIC: [8192] preg_replace(): The /e modifier is deprecated, use preg_replace_callback instead /Users/liuweitao/flora-dating/ThinkPHP/Lib/Template/ThinkTemplate.class.php 第 404 行.
NOTIC: [8192] preg_replace(): The /e modifier is deprecated, use preg_replace_callback instead /Users/liuweitao/flora-dating/ThinkPHP/Lib/Template/ThinkTemplate.class.php 第 404 行.
NOTIC: [8192] preg_replace(): The /e modifier is deprecated, use preg_replace_callback instead /Users/liuweitao/flora-dating/ThinkPHP/Lib/Template/ThinkTemplate.class.php 第 404 行.
NOTIC: [8192] preg_replace(): The /e modifier is deprecated, use preg_replace_callback instead /Users/liuweitao/flora-dating/ThinkPHP/Lib/Template/ThinkTemplate.class.php 第 404 行.
NOTIC: [8192] preg_replace(): The /e modifier is deprecated, use preg_replace_callback instead /Users/liuweitao/flora-dating/ThinkPHP/Lib/Template/ThinkTemplate.class.php 第 404 行.
NOTIC: [8192] preg_replace(): The /e modifier is deprecated, use preg_replace_callback instead /Users/liuweitao/flora-dating/ThinkPHP/Lib/Template/ThinkTemplate.class.php 第 404 行.
NOTIC: [8192] preg_replace(): The /e modifier is deprecated, use preg_replace_callback instead /Users/liuweitao/flora-dating/ThinkPHP/Lib/Template/ThinkTemplate.class.php 第 404 行.
NOTIC: [8192] preg_replace(): The /e modifier is deprecated, use preg_replace_callback instead /Users/liuweitao/flora-dating/ThinkPHP/Lib/Template/ThinkTemplate.class.php 第 404 行.
NOTIC: [8192] preg_replace(): The /e modifier is deprecated, use preg_replace_callback instead /Users/liuweitao/flora-dating/ThinkPHP/Lib/Template/ThinkTemplate.class.php 第 404 行.
NOTIC: [8192] preg_replace(): The /e modifier is deprecated, use preg_replace_callback instead /Users/liuweitao/flora-dating/ThinkPHP/Lib/Template/ThinkTemplate.class.php 第 399 行.
NOTIC: [8192] preg_replace(): The /e modifier is deprecated, use preg_replace_callback instead /Users/liuweitao/flora-dating/ThinkPHP/Lib/Template/ThinkTemplate.class.php 第 399 行.
NOTIC: [8192] preg_replace(): The /e modifier is deprecated, use preg_replace_callback instead /Users/liuweitao/flora-dating/ThinkPHP/Lib/Template/ThinkTemplate.class.php 第 399 行.
NOTIC: [8192] preg_replace(): The /e modifier is deprecated, use preg_replace_callback instead /Users/liuweitao/flora-dating/ThinkPHP/Lib/Template/ThinkTemplate.class.php 第 399 行.
NOTIC: [8192] preg_replace(): The /e modifier is deprecated, use preg_replace_callback instead /Users/liuweitao/flora-dating/ThinkPHP/Lib/Template/ThinkTemplate.class.php 第 399 行.
NOTIC: [8192] preg_replace(): The /e modifier is deprecated, use preg_replace_callback instead /Users/liuweitao/flora-dating/ThinkPHP/Lib/Template/ThinkTemplate.class.php 第 399 行.
NOTIC: [8192] preg_replace(): The /e modifier is deprecated, use preg_replace_callback instead /Users/liuweitao/flora-dating/ThinkPHP/Lib/Template/ThinkTemplate.class.php 第 404 行.
NOTIC: [8192] preg_replace(): The /e modifier is deprecated, use preg_replace_callback instead /Users/liuweitao/flora-dating/ThinkPHP/Lib/Template/ThinkTemplate.class.php 第 404 行.
NOTIC: [8192] preg_replace(): The /e modifier is deprecated, use preg_replace_callback instead /Users/liuweitao/flora-dating/ThinkPHP/Lib/Template/ThinkTemplate.class.php 第 404 行.
NOTIC: [8192] preg_replace(): The /e modifier is deprecated, use preg_replace_callback instead /Users/liuweitao/flora-dating/ThinkPHP/Lib/Template/ThinkTemplate.class.php 第 197 行.
NOTIC: [8192] preg_replace(): The /e modifier is deprecated, use preg_replace_callback instead /Users/liuweitao/flora-dating/ThinkPHP/Lib/Template/ThinkTemplate.class.php 第 404 行.
NOTIC: [8192] preg_replace(): The /e modifier is deprecated, use preg_replace_callback instead /Users/liuweitao/flora-dating/ThinkPHP/Lib/Template/ThinkTemplate.class.php 第 404 行.
NOTIC: [8192] preg_replace(): The /e modifier is deprecated, use preg_replace_callback instead /Users/liuweitao/flora-dating/ThinkPHP/Lib/Template/ThinkTemplate.class.php 第 404 行.
NOTIC: [8192] preg_replace(): The /e modifier is deprecated, use preg_replace_callback instead /Users/liuweitao/flora-dating/ThinkPHP/Lib/Template/ThinkTemplate.class.php 第 404 行.
NOTIC: [8192] preg_replace(): The /e modifier is deprecated, use preg_replace_callback instead /Users/liuweitao/flora-dating/ThinkPHP/Lib/Template/ThinkTemplate.class.php 第 404 行.
NOTIC: [8192] preg_replace(): The /e modifier is deprecated, use preg_replace_callback instead /Users/liuweitao/flora-dating/ThinkPHP/Lib/Template/ThinkTemplate.class.php 第 404 行.
NOTIC: [8192] preg_replace(): The /e modifier is deprecated, use preg_replace_callback instead /Users/liuweitao/flora-dating/ThinkPHP/Lib/Template/ThinkTemplate.class.php 第 404 行.
NOTIC: [8192] preg_replace(): The /e modifier is deprecated, use preg_replace_callback instead /Users/liuweitao/flora-dating/ThinkPHP/Lib/Template/ThinkTemplate.class.php 第 399 行.
NOTIC: [8192] preg_replace(): The /e modifier is deprecated, use preg_replace_callback instead /Users/liuweitao/flora-dating/ThinkPHP/Lib/Template/ThinkTemplate.class.php 第 399 行.
NOTIC: [8192] preg_replace(): The /e modifier is deprecated, use preg_replace_callback instead /Users/liuweitao/flora-dating/ThinkPHP/Lib/Template/ThinkTemplate.class.php 第 404 行.
NOTIC: [8192] preg_replace(): The /e modifier is deprecated, use preg_replace_callback instead /Users/liuweitao/flora-dating/ThinkPHP/Lib/Template/ThinkTemplate.class.php 第 404 行.
NOTIC: [8192] preg_replace(): The /e modifier is deprecated, use preg_replace_callback instead /Users/liuweitao/flora-dating/ThinkPHP/Lib/Template/ThinkTemplate.class.php 第 404 行.
NOTIC: [8192] preg_replace(): The /e modifier is deprecated, use preg_replace_callback instead /Users/liuweitao/flora-dating/ThinkPHP/Lib/Template/ThinkTemplate.class.php 第 399 行.
NOTIC: [8192] preg_replace(): The /e modifier is deprecated, use preg_replace_callback instead /Users/liuweitao/flora-dating/ThinkPHP/Lib/Template/ThinkTemplate.class.php 第 404 行.
NOTIC: [8192] preg_replace(): The /e modifier is deprecated, use preg_replace_callback instead /Users/liuweitao/flora-dating/ThinkPHP/Lib/Template/ThinkTemplate.class.php 第 404 行.
NOTIC: [8192] preg_replace(): The /e modifier is deprecated, use preg_replace_callback instead /Users/liuweitao/flora-dating/ThinkPHP/Lib/Template/ThinkTemplate.class.php 第 404 行.
NOTIC: [8192] preg_replace(): The /e modifier is deprecated, use preg_replace_callback instead /Users/liuweitao/flora-dating/ThinkPHP/Lib/Template/ThinkTemplate.class.php 第 404 行.
NOTIC: [8192] preg_replace(): The /e modifier is deprecated, use preg_replace_callback instead /Users/liuweitao/flora-dating/ThinkPHP/Lib/Template/ThinkTemplate.class.php 第 404 行.
NOTIC: [8192] preg_replace(): The /e modifier is deprecated, use preg_replace_callback instead /Users/liuweitao/flora-dating/ThinkPHP/Lib/Template/ThinkTemplate.class.php 第 404 行.
NOTIC: [8192] preg_replace(): The /e modifier is deprecated, use preg_replace_callback instead /Users/liuweitao/flora-dating/ThinkPHP/Lib/Template/ThinkTemplate.class.php 第 404 行.
NOTIC: [8192] preg_replace(): The /e modifier is deprecated, use preg_replace_callback instead /Users/liuweitao/flora-dating/ThinkPHP/Lib/Template/ThinkTemplate.class.php 第 404 行.
NOTIC: [8192] preg_replace(): The /e modifier is deprecated, use preg_replace_callback instead /Users/liuweitao/flora-dating/ThinkPHP/Lib/Template/ThinkTemplate.class.php 第 404 行.
NOTIC: [8192] preg_replace(): The /e modifier is deprecated, use preg_replace_callback instead /Users/liuweitao/flora-dating/ThinkPHP/Lib/Template/ThinkTemplate.class.php 第 404 行.
NOTIC: [8192] preg_replace(): The /e modifier is deprecated, use preg_replace_callback instead /Users/liuweitao/flora-dating/ThinkPHP/Lib/Template/ThinkTemplate.class.php 第 404 行.
NOTIC: [8192] preg_replace(): The /e modifier is deprecated, use preg_replace_callback instead /Users/liuweitao/flora-dating/ThinkPHP/Lib/Template/ThinkTemplate.class.php 第 404 行.
NOTIC: [8192] preg_replace(): The /e modifier is deprecated, use preg_replace_callback instead /Users/liuweitao/flora-dating/ThinkPHP/Lib/Template/ThinkTemplate.class.php 第 404 行.
NOTIC: [8192] preg_replace(): The /e modifier is deprecated, use preg_replace_callback instead /Users/liuweitao/flora-dating/ThinkPHP/Lib/Template/ThinkTemplate.class.php 第 404 行.
NOTIC: [8192] preg_replace(): The /e modifier is deprecated, use preg_replace_callback instead /Users/liuweitao/flora-dating/ThinkPHP/Lib/Template/ThinkTemplate.class.php 第 404 行.
NOTIC: [8192] preg_replace(): The /e modifier is deprecated, use preg_replace_callback instead /Users/liuweitao/flora-dating/ThinkPHP/Lib/Template/ThinkTemplate.class.php 第 404 行.
NOTIC: [8192] preg_replace(): The /e modifier is deprecated, use preg_replace_callback instead /Users/liuweitao/flora-dating/ThinkPHP/Lib/Template/ThinkTemplate.class.php 第 404 行.
NOTIC: [8192] preg_replace(): The /e modifier is deprecated, use preg_replace_callback instead /Users/liuweitao/flora-dating/ThinkPHP/Lib/Template/ThinkTemplate.class.php 第 404 行.
NOTIC: [8192] preg_replace(): The /e modifier is deprecated, use preg_replace_callback instead /Users/liuweitao/flora-dating/ThinkPHP/Lib/Template/ThinkTemplate.class.php 第 404 行.
NOTIC: [8192] preg_replace(): The /e modifier is deprecated, use preg_replace_callback instead /Users/liuweitao/flora-dating/ThinkPHP/Lib/Template/ThinkTemplate.class.php 第 404 行.
NOTIC: [8192] preg_replace(): The /e modifier is deprecated, use preg_replace_callback instead /Users/liuweitao/flora-dating/ThinkPHP/Lib/Template/ThinkTemplate.class.php 第 404 行.
NOTIC: [8192] preg_replace(): The /e modifier is deprecated, use preg_replace_callback instead /Users/liuweitao/flora-dating/ThinkPHP/Lib/Template/ThinkTemplate.class.php 第 404 行.
NOTIC: [8192] preg_replace(): The /e modifier is deprecated, use preg_replace_callback instead /Users/liuweitao/flora-dating/ThinkPHP/Lib/Template/ThinkTemplate.class.php 第 404 行.
NOTIC: [8192] preg_replace(): The /e modifier is deprecated, use preg_replace_callback instead /Users/liuweitao/flora-dating/ThinkPHP/Lib/Template/ThinkTemplate.class.php 第 404 行.
NOTIC: [8192] preg_replace(): The /e modifier is deprecated, use preg_replace_callback instead /Users/liuweitao/flora-dating/ThinkPHP/Lib/Template/ThinkTemplate.class.php 第 404 行.
NOTIC: [8192] preg_replace(): The /e modifier is deprecated, use preg_replace_callback instead /Users/liuweitao/flora-dating/ThinkPHP/Lib/Template/ThinkTemplate.class.php 第 404 行.
NOTIC: [8192] preg_replace(): The /e modifier is deprecated, use preg_replace_callback instead /Users/liuweitao/flora-dating/ThinkPHP/Lib/Template/ThinkTemplate.class.php 第 404 行.
NOTIC: [8192] preg_replace(): The /e modifier is deprecated, use preg_replace_callback instead /Users/liuweitao/flora-dating/ThinkPHP/Lib/Template/ThinkTemplate.class.php 第 404 行.
NOTIC: [8192] preg_replace(): The /e modifier is deprecated, use preg_replace_callback instead /Users/liuweitao/flora-dating/ThinkPHP/Lib/Template/ThinkTemplate.class.php 第 404 行.
NOTIC: [8192] preg_replace(): The /e modifier is deprecated, use preg_replace_callback instead /Users/liuweitao/flora-dating/ThinkPHP/Lib/Template/ThinkTemplate.class.php 第 404 行.
NOTIC: [8192] preg_replace(): The /e modifier is deprecated, use preg_replace_callback instead /Users/liuweitao/flora-dating/ThinkPHP/Lib/Template/ThinkTemplate.class.php 第 404 行.
NOTIC: [8192] preg_replace(): The /e modifier is deprecated, use preg_replace_callback instead /Users/liuweitao/flora-dating/ThinkPHP/Lib/Template/ThinkTemplate.class.php 第 404 行.
NOTIC: [8192] preg_replace(): The /e modifier is deprecated, use preg_replace_callback instead /Users/liuweitao/flora-dating/ThinkPHP/Lib/Template/ThinkTemplate.class.php 第 404 行.
NOTIC: [8192] preg_replace(): The /e modifier is deprecated, use preg_replace_callback instead /Users/liuweitao/flora-dating/ThinkPHP/Lib/Template/ThinkTemplate.class.php 第 404 行.
NOTIC: [8192] preg_replace(): The /e modifier is deprecated, use preg_replace_callback instead /Users/liuweitao/flora-dating/ThinkPHP/Lib/Template/ThinkTemplate.class.php 第 404 行.
NOTIC: [8192] preg_replace(): The /e modifier is deprecated, use preg_replace_callback instead /Users/liuweitao/flora-dating/ThinkPHP/Lib/Template/ThinkTemplate.class.php 第 404 行.
NOTIC: [8192] preg_replace(): The /e modifier is deprecated, use preg_replace_callback instead /Users/liuweitao/flora-dating/ThinkPHP/Lib/Template/ThinkTemplate.class.php 第 404 行.
NOTIC: [8192] preg_replace(): The /e modifier is deprecated, use preg_replace_callback instead /Users/liuweitao/flora-dating/ThinkPHP/Lib/Template/ThinkTemplate.class.php 第 404 行.
NOTIC: [8192] preg_replace(): The /e modifier is deprecated, use preg_replace_callback instead /Users/liuweitao/flora-dating/ThinkPHP/Lib/Template/ThinkTemplate.class.php 第 404 行.
NOTIC: [8192] preg_replace(): The /e modifier is deprecated, use preg_replace_callback instead /Users/liuweitao/flora-dating/ThinkPHP/Lib/Template/ThinkTemplate.class.php 第 404 行.
NOTIC: [8192] preg_replace(): The /e modifier is deprecated, use preg_replace_callback instead /Users/liuweitao/flora-dating/ThinkPHP/Lib/Template/ThinkTemplate.class.php 第 404 行.
NOTIC: [8192] preg_replace(): The /e modifier is deprecated, use preg_replace_callback instead /Users/liuweitao/flora-dating/ThinkPHP/Lib/Template/ThinkTemplate.class.php 第 404 行.
NOTIC: [8192] preg_replace(): The /e modifier is deprecated, use preg_replace_callback instead /Users/liuweitao/flora-dating/ThinkPHP/Lib/Template/ThinkTemplate.class.php 第 404 行.
NOTIC: [8192] preg_replace(): The /e modifier is deprecated, use preg_replace_callback instead /Users/liuweitao/flora-dating/ThinkPHP/Lib/Template/ThinkTemplate.class.php 第 404 行.
NOTIC: [8192] preg_replace(): The /e modifier is deprecated, use preg_replace_callback instead /Users/liuweitao/flora-dating/ThinkPHP/Lib/Template/ThinkTemplate.class.php 第 404 行.
NOTIC: [8192] preg_replace(): The /e modifier is deprecated, use preg_replace_callback instead /Users/liuweitao/flora-dating/ThinkPHP/Lib/Template/ThinkTemplate.class.php 第 404 行.
NOTIC: [8192] preg_replace(): The /e modifier is deprecated, use preg_replace_callback instead /Users/liuweitao/flora-dating/ThinkPHP/Lib/Template/ThinkTemplate.class.php 第 404 行.
NOTIC: [8192] preg_replace(): The /e modifier is deprecated, use preg_replace_callback instead /Users/liuweitao/flora-dating/ThinkPHP/Lib/Template/ThinkTemplate.class.php 第 404 行.
NOTIC: [8192] preg_replace(): The /e modifier is deprecated, use preg_replace_callback instead /Users/liuweitao/flora-dating/ThinkPHP/Lib/Template/ThinkTemplate.class.php 第 404 行.
NOTIC: [8192] preg_replace(): The /e modifier is deprecated, use preg_replace_callback instead /Users/liuweitao/flora-dating/ThinkPHP/Lib/Template/ThinkTemplate.class.php 第 404 行.
NOTIC: [8192] preg_replace(): The /e modifier is deprecated, use preg_replace_callback instead /Users/liuweitao/flora-dating/ThinkPHP/Lib/Template/ThinkTemplate.class.php 第 404 行.
NOTIC: [8192] preg_replace(): The /e modifier is deprecated, use preg_replace_callback instead /Users/liuweitao/flora-dating/ThinkPHP/Lib/Template/ThinkTemplate.class.php 第 404 行.
NOTIC: [8192] preg_replace(): The /e modifier is deprecated, use preg_replace_callback instead /Users/liuweitao/flora-dating/ThinkPHP/Lib/Template/ThinkTemplate.class.php 第 404 行.
NOTIC: [8192] preg_replace(): The /e modifier is deprecated, use preg_replace_callback instead /Users/liuweitao/flora-dating/ThinkPHP/Lib/Template/ThinkTemplate.class.php 第 404 行.
NOTIC: [8192] preg_replace(): The /e modifier is deprecated, use preg_replace_callback instead /Users/liuweitao/flora-dating/ThinkPHP/Lib/Template/ThinkTemplate.class.php 第 404 行.
NOTIC: [8192] preg_replace(): The /e modifier is deprecated, use preg_replace_callback instead /Users/liuweitao/flora-dating/ThinkPHP/Lib/Template/ThinkTemplate.class.php 第 404 行.
NOTIC: [8192] preg_replace(): The /e modifier is deprecated, use preg_replace_callback instead /Users/liuweitao/flora-dating/ThinkPHP/Lib/Template/ThinkTemplate.class.php 第 404 行.
NOTIC: [8192] preg_replace(): The /e modifier is deprecated, use preg_replace_callback instead /Users/liuweitao/flora-dating/ThinkPHP/Lib/Template/ThinkTemplate.class.php 第 404 行.
NOTIC: [8192] preg_replace(): The /e modifier is deprecated, use preg_replace_callback instead /Users/liuweitao/flora-dating/ThinkPHP/Lib/Template/ThinkTemplate.class.php 第 404 行.
NOTIC: [8192] preg_replace(): The /e modifier is deprecated, use preg_replace_callback instead /Users/liuweitao/flora-dating/ThinkPHP/Lib/Template/ThinkTemplate.class.php 第 404 行.
NOTIC: [8192] preg_replace(): The /e modifier is deprecated, use preg_replace_callback instead /Users/liuweitao/flora-dating/ThinkPHP/Lib/Template/ThinkTemplate.class.php 第 404 行.
NOTIC: [8192] preg_replace(): The /e modifier is deprecated, use preg_replace_callback instead /Users/liuweitao/flora-dating/ThinkPHP/Lib/Template/ThinkTemplate.class.php 第 404 行.
NOTIC: [8192] preg_replace(): The /e modifier is deprecated, use preg_replace_callback instead /Users/liuweitao/flora-dating/ThinkPHP/Lib/Template/ThinkTemplate.class.php 第 404 行.
NOTIC: [8192] preg_replace(): The /e modifier is deprecated, use preg_replace_callback instead /Users/liuweitao/flora-dating/ThinkPHP/Lib/Template/ThinkTemplate.class.php 第 404 行.
NOTIC: [8192] preg_replace(): The /e modifier is deprecated, use preg_replace_callback instead /Users/liuweitao/flora-dating/ThinkPHP/Lib/Template/ThinkTemplate.class.php 第 404 行.
NOTIC: [8192] preg_replace(): The /e modifier is deprecated, use preg_replace_callback instead /Users/liuweitao/flora-dating/ThinkPHP/Lib/Template/ThinkTemplate.class.php 第 404 行.
NOTIC: [8192] preg_replace(): The /e modifier is deprecated, use preg_replace_callback instead /Users/liuweitao/flora-dating/ThinkPHP/Lib/Template/ThinkTemplate.class.php 第 399 行.
NOTIC: [8192] preg_replace(): The /e modifier is deprecated, use preg_replace_callback instead /Users/liuweitao/flora-dating/ThinkPHP/Lib/Template/ThinkTemplate.class.php 第 399 行.
NOTIC: [8192] preg_replace(): The /e modifier is deprecated, use preg_replace_callback instead /Users/liuweitao/flora-dating/ThinkPHP/Lib/Template/ThinkTemplate.class.php 第 399 行.
NOTIC: [8192] preg_replace(): The /e modifier is deprecated, use preg_replace_callback instead /Users/liuweitao/flora-dating/ThinkPHP/Lib/Template/ThinkTemplate.class.php 第 399 行.
NOTIC: [8192] preg_replace(): The /e modifier is deprecated, use preg_replace_callback instead /Users/liuweitao/flora-dating/ThinkPHP/Lib/Template/ThinkTemplate.class.php 第 399 行.
NOTIC: [8192] preg_replace(): The /e modifier is deprecated, use preg_replace_callback instead /Users/liuweitao/flora-dating/ThinkPHP/Lib/Template/ThinkTemplate.class.php 第 399 行.
NOTIC: [8192] preg_replace(): The /e modifier is deprecated, use preg_replace_callback instead /Users/liuweitao/flora-dating/ThinkPHP/Lib/Template/ThinkTemplate.class.php 第 404 行.
NOTIC: [8192] preg_replace(): The /e modifier is deprecated, use preg_replace_callback instead /Users/liuweitao/flora-dating/ThinkPHP/Lib/Template/ThinkTemplate.class.php 第 404 行.
NOTIC: [8192] preg_replace(): The /e modifier is deprecated, use preg_replace_callback instead /Users/liuweitao/flora-dating/ThinkPHP/Lib/Template/ThinkTemplate.class.php 第 404 行.
NOTIC: [8192] preg_replace(): The /e modifier is deprecated, use preg_replace_callback instead /Users/liuweitao/flora-dating/ThinkPHP/Lib/Template/ThinkTemplate.class.php 第 197 行.
NOTIC: [8192] preg_replace(): The /e modifier is deprecated, use preg_replace_callback instead /Users/liuweitao/flora-dating/ThinkPHP/Lib/Template/ThinkTemplate.class.php 第 137 行.
NOTIC: [8] Undefined variable: site /Users/liuweitao/flora-dating/Runtime/Cache/Home/e76974c952faffec75691e18e7a8a499.php 第 5 行.
NOTIC: [8] Undefined variable: site /Users/liuweitao/flora-dating/Runtime/Cache/Home/e76974c952faffec75691e18e7a8a499.php 第 8 行.
NOTIC: [8] Undefined variable: site /Users/liuweitao/flora-dating/Runtime/Cache/Home/e76974c952faffec75691e18e7a8a499.php 第 9 行.
NOTIC: [8] Undefined variable: ads1 /Users/liuweitao/flora-dating/Runtime/Cache/Home/e76974c952faffec75691e18e7a8a499.php 第 34 行.
NOTIC: [8] Undefined variable: ads2 /Users/liuweitao/flora-dating/Runtime/Cache/Home/e76974c952faffec75691e18e7a8a499.php 第 37 行.
NOTIC: [8] Undefined variable: ads3 /Users/liuweitao/flora-dating/Runtime/Cache/Home/e76974c952faffec75691e18e7a8a499.php 第 40 行.
NOTIC: [8] Undefined variable: ads /Users/liuweitao/flora-dating/Runtime/Cache/Home/e76974c952faffec75691e18e7a8a499.php 第 52 行.
NOTIC: [8] Undefined variable: ads2 /Users/liuweitao/flora-dating/Runtime/Cache/Home/e76974c952faffec75691e18e7a8a499.php 第 55 行.
NOTIC: [8] Undefined variable: link /Users/liuweitao/flora-dating/Runtime/Cache/Home/e76974c952faffec75691e18e7a8a499.php 第 110 行.
INFO: ParseTemplate Behavior ::run [ RunTime:0.046349s ]
INFO: [ view_parse ] --END-- [ RunTime:0.046420s ]
INFO: [ view_filter ] --START--
INFO: ContentReplace Behavior ::run [ RunTime:0.000600s ]
INFO: TokenBuild Behavior ::run [ RunTime:0.000451s ]
INFO: WriteHtmlCache Behavior ::run [ RunTime:0.000314s ]
INFO: ShowRuntime Behavior ::run [ RunTime:0.000476s ]
INFO: [ view_filter ] --END-- [ RunTime:0.002028s ]
INFO: [ view_end ] --START--
INFO: ShowPageTrace Behavior ::run [ RunTime:0.000548s ]
INFO: [ view_end ] --END-- [ RunTime:0.000614s ]

[ 2016-12-22T15:53:08+08:00 ] 0.0.0.0 /holder.js/360x200/random/text:%E5%9B%BD%E4%BA%BA%E7%9B%B8%E8%81%9A
INFO: [ route_check ] --START--
INFO: CheckRoute Behavior ::run [ RunTime:0.012380s ]
INFO: [ route_check ] --END-- [ RunTime:0.012469s ]
NOTIC: [8192] preg_replace(): The /e modifier is deprecated, use preg_replace_callback instead /Users/liuweitao/flora-dating/ThinkPHP/Lib/Core/Dispatcher.class.php 第 132 行.
INFO: [ app_begin ] --START--
INFO: ReadHtmlCache Behavior ::run [ RunTime:0.000331s ]
INFO: [ app_begin ] --END-- [ RunTime:0.000407s ]
NOTIC: [8] Undefined variable: group /Users/liuweitao/flora-dating/ThinkPHP/Lib/Core/App.class.php 第 102 行.
ERR: 无法加载模块:holder.js

